<?xml version="1.0" encoding="UTF-8"?>
<testng-results ignored="0" total="1" passed="1" failed="0" skipped="0">
  <reporter-output>
  </reporter-output>
  <suite started-at="2022-12-30T09:26:39 IST" name="Default suite" finished-at="2022-12-30T09:27:09 IST" duration-ms="30328">
    <groups>
    </groups>
    <test started-at="2022-12-30T09:26:39 IST" name="Default test" finished-at="2022-12-30T09:27:09 IST" duration-ms="30328">
      <class name="orangehrm.orangehrm">
        <test-method signature="launchorangehrm()[pri:0, instance:orangehrm.orangehrm@e1de817]" started-at="2022-12-30T09:26:39 IST" name="launchorangehrm" finished-at="2022-12-30T09:27:09 IST" duration-ms="30257" status="PASS">
          <reporter-output>
          </reporter-output>
        </test-method> <!-- launchorangehrm -->
      </class> <!-- orangehrm.orangehrm -->
    </test> <!-- Default test -->
  </suite> <!-- Default suite -->
</testng-results>
