<?xml version="1.0" encoding="UTF-8"?>
<testng-results ignored="0" total="1" passed="1" failed="0" skipped="0">
  <reporter-output>
  </reporter-output>
  <suite started-at="2022-12-30T09:35:15 IST" name="Default suite" finished-at="2022-12-30T09:36:40 IST" duration-ms="84354">
    <groups>
    </groups>
    <test started-at="2022-12-30T09:35:15 IST" name="Default test" finished-at="2022-12-30T09:36:40 IST" duration-ms="84354">
      <class name="Orangehrm.orangehrm">
        <test-method signature="launchorangehrm()[pri:0, instance:Orangehrm.orangehrm@40cb8df7]" started-at="2022-12-30T09:35:15 IST" name="launchorangehrm" finished-at="2022-12-30T09:36:40 IST" duration-ms="84286" status="PASS">
          <reporter-output>
          </reporter-output>
        </test-method> <!-- launchorangehrm -->
      </class> <!-- Orangehrm.orangehrm -->
    </test> <!-- Default test -->
  </suite> <!-- Default suite -->
</testng-results>
