<?xml version="1.0" encoding="UTF-8"?>
<testng-results ignored="0" total="1" passed="1" failed="0" skipped="0">
  <reporter-output>
  </reporter-output>
  <suite started-at="2022-12-29T10:04:01 IST" name="Default suite" finished-at="2022-12-29T10:04:15 IST" duration-ms="14250">
    <groups>
    </groups>
    <test started-at="2022-12-29T10:04:01 IST" name="Default test" finished-at="2022-12-29T10:04:15 IST" duration-ms="14250">
      <class name="pack.App">
        <test-method signature="login()[pri:0, instance:pack.App@2177849e]" started-at="2022-12-29T10:04:01 IST" name="login" finished-at="2022-12-29T10:04:15 IST" duration-ms="14204" status="PASS">
          <reporter-output>
          </reporter-output>
        </test-method> <!-- login -->
      </class> <!-- pack.App -->
    </test> <!-- Default test -->
  </suite> <!-- Default suite -->
</testng-results>
